SmartArt-Android/app/build/intermediates/manifest_merge_blame_file/debug/manifest-merger-blame-debug-report.txt
1<?xml version="1.0" encoding="utf-8"?>
2<manifest xmlns:android="http://schemas.android.com/apk/res/android"
3    package="ca.mcgill.ecse321.smartart"
4    android:versionCode="1"
5    android:versionName="1.0" >
6
7    <uses-sdk
8        android:minSdkVersion="21"
8-->src/main/AndroidManifest.xml
9        android:targetSdkVersion="30" />
9-->src/main/AndroidManifest.xml
10
11    <uses-permission android:name="android.permission.INTERNET" />
11-->src/main/AndroidManifest.xml:5:5-67
11-->src/main/AndroidManifest.xml:5:22-64
12
13    <application
13-->src/main/AndroidManifest.xml:7:5-27:19
14        android:allowBackup="true"
14-->src/main/AndroidManifest.xml:8:9-35
15        android:appComponentFactory="androidx.core.app.CoreComponentFactory"
15-->[androidx.core:core:1.1.0] AndroidManifest.xml:24:18-86
16        android:debuggable="true"
17        android:icon="@mipmap/ic_launcher"
17-->src/main/AndroidManifest.xml:9:9-43
18        android:label="@string/app_name"
18-->src/main/AndroidManifest.xml:10:9-41
19        android:roundIcon="@mipmap/ic_launcher_round"
19-->src/main/AndroidManifest.xml:11:9-54
20        android:supportsRtl="true"
20-->src/main/AndroidManifest.xml:12:9-35
21        android:testOnly="true"
22        android:theme="@style/Theme.SmartArtAndroid" >
22-->src/main/AndroidManifest.xml:13:9-53
23        <activity android:name="ca.mcgill.ecse321.smartart.Login" />
23-->src/main/AndroidManifest.xml:14:9-43
23-->src/main/AndroidManifest.xml:14:19-40
24        <activity android:name="ca.mcgill.ecse321.smartart.ViewSinglePosting" />
24-->src/main/AndroidManifest.xml:15:9-64
24-->src/main/AndroidManifest.xml:15:19-52
25        <activity
25-->src/main/AndroidManifest.xml:17:9-26:20
26            android:name="ca.mcgill.ecse321.smartart.MainActivity"
26-->src/main/AndroidManifest.xml:18:13-41
27            android:label="@string/app_name"
27-->src/main/AndroidManifest.xml:19:13-45
28            android:theme="@style/Theme.SmartArtAndroid.NoActionBar" >
28-->src/main/AndroidManifest.xml:20:13-69
29            <intent-filter>
29-->src/main/AndroidManifest.xml:21:13-25:29
30                <action android:name="android.intent.action.MAIN" />
30-->src/main/AndroidManifest.xml:22:17-69
30-->src/main/AndroidManifest.xml:22:25-66
31
32                <category android:name="android.intent.category.LAUNCHER" />
32-->src/main/AndroidManifest.xml:24:17-77
32-->src/main/AndroidManifest.xml:24:27-74
33            </intent-filter>
34        </activity>
35
36        <provider
36-->[com.squareup.picasso:picasso:2.71828] AndroidManifest.xml:8:9-11:40
37            android:name="com.squareup.picasso.PicassoProvider"
37-->[com.squareup.picasso:picasso:2.71828] AndroidManifest.xml:9:13-64
38            android:authorities="ca.mcgill.ecse321.smartart.com.squareup.picasso"
38-->[com.squareup.picasso:picasso:2.71828] AndroidManifest.xml:10:13-72
39            android:exported="false" />
39-->[com.squareup.picasso:picasso:2.71828] AndroidManifest.xml:11:13-37
40    </application>
41
42</manifest>